#
# There is insufficient memory for the Java Runtime Environment to continue.
# Native memory allocation (malloc) failed to allocate 1048576 bytes. Error detail: AllocateHeap
# Possible reasons:
#   The system is out of physical RAM or swap space
#   This process is running with CompressedOops enabled, and the Java Heap may be blocking the growth of the native heap
# Possible solutions:
#   Reduce memory load on the system
#   Increase physical memory or swap space
#   Check if swap backing store is full
#   Decrease Java heap size (-Xmx/-Xms)
#   Decrease number of Java threads
#   Decrease Java thread stack sizes (-Xss)
#   Set larger code cache with -XX:ReservedCodeCacheSize=
#   JVM is running with Unscaled Compressed Oops mode in which the Java heap is
#     placed in the first 4GB address space. The Java Heap base address is the
#     maximum limit for the native heap growth. Please use -XX:HeapBaseMinAddress
#     to set the Java Heap base and to place the Java Heap above 4GB virtual address.
# This output file may be truncated or incomplete.
#
#  Out of Memory Error (allocation.cpp:44), pid=31012, tid=29820
#
# JRE version:  (21.0.9+10) (build )
# Java VM: OpenJDK 64-Bit Server VM (21.0.9+10-LTS, mixed mode, sharing, tiered, compressed oops, compressed class ptrs, parallel gc, windows-amd64)
# No core dump will be written. Minidumps are not enabled by default on client versions of Windows
#

---------------  S U M M A R Y ------------

Command Line: --add-modules=ALL-SYSTEM --add-opens=java.base/java.util=ALL-UNNAMED --add-opens=java.base/java.lang=ALL-UNNAMED --add-opens=java.base/sun.nio.fs=ALL-UNNAMED -Declipse.application=org.eclipse.jdt.ls.core.id1 -Dosgi.bundles.defaultStartLevel=4 -Declipse.product=org.eclipse.jdt.ls.core.product -Djava.import.generatesMetadataFilesAtProjectRoot=false -DDetectVMInstallationsJob.disabled=true -Dfile.encoding=utf8 -XX:+UseParallelGC -XX:GCTimeRatio=4 -XX:AdaptiveSizePolicyWeight=90 -Dsun.zip.disableMemoryMapping=true -Xmx2G -Xms100m -Xlog:disable -javaagent:c:\Users\86156\.trae-cn\extensions\redhat.java-1.52.0-win32-x64\lombok\lombok-1.18.39-4050.jar -XX:+HeapDumpOnOutOfMemoryError -XX:HeapDumpPath=c:\Users\86156\AppData\Roaming\Trae CN\User\workspaceStorage\ec022d62dc87df545eb21e5a1b4c1095\redhat.java -Daether.dependencyCollector.impl=bf c:\Users\86156\.trae-cn\extensions\redhat.java-1.52.0-win32-x64\server\plugins\org.eclipse.equinox.launcher_1.7.100.v20251111-0406.jar -configuration c:\Users\86156\AppData\Roaming\Trae CN\User\globalStorage\redhat.java\1.52.0\config_win -data c:\Users\86156\AppData\Roaming\Trae CN\User\workspaceStorage\ec022d62dc87df545eb21e5a1b4c1095\redhat.java\jdt_ws --pipe=\\.\pipe\lsp-e11e67b8afaa459e1b05a0c63d27f316-sock

Host: AMD Ryzen 7 4800H with Radeon Graphics         , 16 cores, 15G,  Windows 11 , 64 bit Build 26100 (10.0.26100.7705)
Time: Wed Feb 25 00:16:01 2026 elapsed time: 1.095738 seconds (0d 0h 0m 1s)

---------------  T H R E A D  ---------------

Current thread (0x000001ad63fb3130):  JavaThread "Unknown thread" [_thread_in_vm, id=29820, stack(0x0000003106600000,0x0000003106700000) (1024K)]

Stack: [0x0000003106600000,0x0000003106700000]
Native frames: (J=compiled Java code, j=interpreted, Vv=VM code, C=native code)
V  [jvm.dll+0x6d6e29]
V  [jvm.dll+0x8b4b76]
V  [jvm.dll+0x8b712e]
V  [jvm.dll+0x8b7813]
V  [jvm.dll+0x283d86]
V  [jvm.dll+0xc1277]
V  [jvm.dll+0x70adf2]
V  [jvm.dll+0x70bb2c]
V  [jvm.dll+0x6e59c3]
V  [jvm.dll+0x87e58c]
V  [jvm.dll+0x3c42fc]
V  [jvm.dll+0x86727b]
V  [jvm.dll+0x457391]
V  [jvm.dll+0x458f81]
C  [jli.dll+0x52d0]
C  [ucrtbase.dll+0x37b0]
C  [KERNEL32.DLL+0x2e8d7]
C  [ntdll.dll+0x8c40c]


---------------  P R O C E S S  ---------------

Threads class SMR info:
_java_thread_list=0x000001ad6401ef50, length=1, elements={
0x000001ad63fb3130
}

Java Threads: ( => current thread )
=>0x000001ad63fb3130 JavaThread "Unknown thread"             [_thread_in_vm, id=29820, stack(0x0000003106600000,0x0000003106700000) (1024K)]
Total: 1

Other Threads:
  0x000001ad7a93ca00 WatcherThread "VM Periodic Task Thread"        [id=30776, stack(0x0000003106800000,0x0000003106900000) (1024K)]
  0x000001ad63fd11b0 WorkerThread "GC Thread#0"                     [id=29816, stack(0x0000003106700000,0x0000003106800000) (1024K)]
Total: 2

Threads with active compile tasks:
Total: 0

VM state: not at safepoint (normal execution)

VM Mutex/Monitor currently owned by a thread: None

Heap address: 0x0000000080000000, size: 2048 MB, Compressed Oops mode: 32-bit

CDS archive(s) mapped at: [0x000001ad00000000-0x000001ad00ba0000-0x000001ad00ba0000), size 12189696, SharedBaseAddress: 0x000001ad00000000, ArchiveRelocationMode: 1.
Compressed class space mapped at: 0x000001ad01000000-0x000001ad41000000, reserved size: 1073741824
Narrow klass base: 0x000001ad00000000, Narrow klass shift: 0, Narrow klass range: 0x100000000

GC Precious Log:
 CardTable entry size: 512
 CPUs: 16 total, 16 available
 Memory: 15789M
 Large Page Support: Disabled
 NUMA Support: Disabled
 Compressed Oops: Enabled (32-bit)
 Alignments: Space 512K, Generation 512K, Heap 2M
 Heap Min Capacity: 100M
 Heap Initial Capacity: 100M
 Heap Max Capacity: 2G
 Pre-touch: Disabled
 Parallel Workers: 13

Heap:
 PSYoungGen      total 29696K, used 512K [0x00000000d5580000, 0x00000000d7680000, 0x0000000100000000)
  eden space 25600K, 2% used [0x00000000d5580000,0x00000000d5600020,0x00000000d6e80000)
  from space 4096K, 0% used [0x00000000d7280000,0x00000000d7280000,0x00000000d7680000)
  to   space 4096K, 0% used [0x00000000d6e80000,0x00000000d6e80000,0x00000000d7280000)
 ParOldGen       total 68608K, used 0K [0x0000000080000000, 0x0000000084300000, 0x00000000d5580000)
  object space 68608K, 0% used [0x0000000080000000,0x0000000080000000,0x0000000084300000)
 Metaspace       used 0K, committed 0K, reserved 1048576K
  class space    used 0K, committed 0K, reserved 1048576K

Card table byte_map: [0x000001ad63960000,0x000001ad63d70000] _byte_map_base: 0x000001ad63560000

Marking Bits: (ParMarkBitMap*) 0x00007ff87a402460
 Begin Bits: [0x000001ad76460000, 0x000001ad78460000)
 End Bits:   [0x000001ad78460000, 0x000001ad7a460000)

Polling page: 0x000001ad61cf0000

Metaspace:

Usage:
  Non-class:      0 bytes used.
      Class:      0 bytes used.
       Both:      0 bytes used.

Virtual space:
  Non-class space:        0 bytes reserved,       0 bytes (  ?%) committed,  0 nodes.
      Class space:        1.00 GB reserved,       0 bytes (  0%) committed,  1 nodes.
             Both:        1.00 GB reserved,       0 bytes (  0%) committed. 

Chunk freelists:
   Non-Class:  0 bytes
       Class:  16.00 MB
        Both:  16.00 MB

MaxMetaspaceSize: unlimited
CompressedClassSpaceSize: 1.00 GB
Initial GC threshold: 21.00 MB
Current GC threshold: 17179869184.00 GB
CDS: on
 - commit_granule_bytes: 65536.
 - commit_granule_words: 8192.
 - virtual_space_node_default_size: 8388608.
 - enlarge_chunks_in_place: 1.
 - use_allocation_guard: 0.


Internal statistics:

num_allocs_failed_limit: 0.
num_arena_births: 0.
num_arena_deaths: 0.
num_vsnodes_births: 1.
num_vsnodes_deaths: 0.
num_space_committed: 0.
num_space_uncommitted: 0.
num_chunks_returned_to_freelist: 0.
num_chunks_taken_from_freelist: 1.
num_chunk_merges: 0.
num_chunk_splits: 1.
num_chunks_enlarged: 0.
num_inconsistent_stats: 0.

CodeHeap 'non-profiled nmethods': size=119168Kb used=0Kb max_used=0Kb free=119168Kb
 bounds [0x000001ad6ed50000, 0x000001ad6efc0000, 0x000001ad761b0000]
CodeHeap 'profiled nmethods': size=119104Kb used=0Kb max_used=0Kb free=119104Kb
 bounds [0x000001ad671b0000, 0x000001ad67420000, 0x000001ad6e600000]
CodeHeap 'non-nmethods': size=7488Kb used=194Kb max_used=342Kb free=7293Kb
 bounds [0x000001ad6e600000, 0x000001ad6e870000, 0x000001ad6ed50000]
CodeCache: size=245760Kb, used=194Kb, max_used=342Kb, free=245565Kb
 total_blobs=70, nmethods=0, adapters=48, full_count=0
Compilation: enabled, stopped_count=0, restarted_count=0

Compilation events (0 events):
No events

GC Heap History (0 events):
No events

Dll operation events (1 events):
Event: 0.049 Loaded shared library c:\Users\86156\.trae-cn\extensions\redhat.java-1.52.0-win32-x64\jre\21.0.9-win32-x86_64\bin\java.dll

Deoptimization events (0 events):
No events

Classes loaded (0 events):
No events

Classes unloaded (0 events):
No events

Classes redefined (0 events):
No events

Internal exceptions (0 events):
No events

ZGC Phase Switch (0 events):
No events

VM Operations (0 events):
No events

Memory protections (0 events):
No events

Nmethod flushes (0 events):
No events

Events (1 events):
Event: 0.085 Thread 0x000001ad63fb3130 Thread added: 0x000001ad63fb3130


Dynamic libraries:
0x00007ff67a1a0000 - 0x00007ff67a1ae000 	c:\Users\86156\.trae-cn\extensions\redhat.java-1.52.0-win32-x64\jre\21.0.9-win32-x86_64\bin\java.exe
0x00007ff8f8420000 - 0x00007ff8f8688000 	C:\WINDOWS\SYSTEM32\ntdll.dll
0x00007ff8f6a10000 - 0x00007ff8f6ad9000 	C:\WINDOWS\System32\KERNEL32.DLL
0x00007ff8f5070000 - 0x00007ff8f5461000 	C:\WINDOWS\System32\KERNELBASE.dll
0x00007ff8f4d00000 - 0x00007ff8f4e4b000 	C:\WINDOWS\System32\ucrtbase.dll
0x00007ff8dca90000 - 0x00007ff8dcaa8000 	c:\Users\86156\.trae-cn\extensions\redhat.java-1.52.0-win32-x64\jre\21.0.9-win32-x86_64\bin\jli.dll
0x00007ff8f80f0000 - 0x00007ff8f82b6000 	C:\WINDOWS\System32\USER32.dll
0x00007ff8f5f90000 - 0x00007ff8f5fb7000 	C:\WINDOWS\System32\win32u.dll
0x00007ff8db690000 - 0x00007ff8db6ae000 	c:\Users\86156\.trae-cn\extensions\redhat.java-1.52.0-win32-x64\jre\21.0.9-win32-x86_64\bin\VCRUNTIME140.dll
0x00007ff8f6700000 - 0x00007ff8f672b000 	C:\WINDOWS\System32\GDI32.dll
0x00007ff8f55f0000 - 0x00007ff8f571b000 	C:\WINDOWS\System32\gdi32full.dll
0x00007ff8d7ba0000 - 0x00007ff8d7e33000 	C:\WINDOWS\WinSxS\amd64_microsoft.windows.common-controls_6595b64144ccf1df_6.0.26100.7824_none_3e0870b2e3345462\COMCTL32.dll
0x00007ff8f5fc0000 - 0x00007ff8f6063000 	C:\WINDOWS\System32\msvcp_win.dll
0x00007ff8f82c0000 - 0x00007ff8f8369000 	C:\WINDOWS\System32\msvcrt.dll
0x00007ff8f7d00000 - 0x00007ff8f7d31000 	C:\WINDOWS\System32\IMM32.DLL
0x00007ff8ee340000 - 0x00007ff8ee34c000 	c:\Users\86156\.trae-cn\extensions\redhat.java-1.52.0-win32-x64\jre\21.0.9-win32-x86_64\bin\vcruntime140_1.dll
0x00007ff891510000 - 0x00007ff89159d000 	c:\Users\86156\.trae-cn\extensions\redhat.java-1.52.0-win32-x64\jre\21.0.9-win32-x86_64\bin\msvcp140.dll
0x00007ff879740000 - 0x00007ff87a4e0000 	c:\Users\86156\.trae-cn\extensions\redhat.java-1.52.0-win32-x64\jre\21.0.9-win32-x86_64\bin\server\jvm.dll
0x00007ff8f6c40000 - 0x00007ff8f6cf4000 	C:\WINDOWS\System32\ADVAPI32.dll
0x00007ff8f77c0000 - 0x00007ff8f7866000 	C:\WINDOWS\System32\sechost.dll
0x00007ff8f6870000 - 0x00007ff8f6988000 	C:\WINDOWS\System32\RPCRT4.dll
0x00007ff8f6990000 - 0x00007ff8f6a04000 	C:\WINDOWS\System32\WS2_32.dll
0x00007ff8f4b20000 - 0x00007ff8f4b7e000 	C:\WINDOWS\SYSTEM32\POWRPROF.dll
0x00007ff8ecc00000 - 0x00007ff8ecc35000 	C:\WINDOWS\SYSTEM32\WINMM.dll
0x00007ff8ee330000 - 0x00007ff8ee33b000 	C:\WINDOWS\SYSTEM32\VERSION.dll
0x00007ff8f4a50000 - 0x00007ff8f4a64000 	C:\WINDOWS\SYSTEM32\UMPDC.dll
0x00007ff8f3a60000 - 0x00007ff8f3a7b000 	C:\WINDOWS\SYSTEM32\kernel.appcore.dll
0x00007ff8e1360000 - 0x00007ff8e136a000 	c:\Users\86156\.trae-cn\extensions\redhat.java-1.52.0-win32-x64\jre\21.0.9-win32-x86_64\bin\jimage.dll
0x00007ff8ebae0000 - 0x00007ff8ebd22000 	C:\WINDOWS\SYSTEM32\DBGHELP.DLL
0x00007ff8f7d40000 - 0x00007ff8f80c6000 	C:\WINDOWS\System32\combase.dll
0x00007ff8f74f0000 - 0x00007ff8f75c7000 	C:\WINDOWS\System32\OLEAUT32.dll
0x00007ff8dc650000 - 0x00007ff8dc68b000 	C:\WINDOWS\SYSTEM32\dbgcore.DLL
0x00007ff8f4fc0000 - 0x00007ff8f5065000 	C:\WINDOWS\System32\bcryptPrimitives.dll
0x00007ff8e1090000 - 0x00007ff8e109f000 	c:\Users\86156\.trae-cn\extensions\redhat.java-1.52.0-win32-x64\jre\21.0.9-win32-x86_64\bin\instrument.dll
0x00007ff8d9120000 - 0x00007ff8d9140000 	c:\Users\86156\.trae-cn\extensions\redhat.java-1.52.0-win32-x64\jre\21.0.9-win32-x86_64\bin\java.dll

JVMTI agents:
c:\Users\86156\.trae-cn\extensions\redhat.java-1.52.0-win32-x64\lombok\lombok-1.18.39-4050.jar path:none, loaded, not initialized, instrumentlib options:none

dbghelp: loaded successfully - version: 4.0.5 - missing functions: none
symbol engine: initialized successfully - sym options: 0x614 - pdb path: .;c:\Users\86156\.trae-cn\extensions\redhat.java-1.52.0-win32-x64\jre\21.0.9-win32-x86_64\bin;C:\WINDOWS\SYSTEM32;C:\WINDOWS\WinSxS\amd64_microsoft.windows.common-controls_6595b64144ccf1df_6.0.26100.7824_none_3e0870b2e3345462;c:\Users\86156\.trae-cn\extensions\redhat.java-1.52.0-win32-x64\jre\21.0.9-win32-x86_64\bin\server

VM Arguments:
jvm_args: --add-modules=ALL-SYSTEM --add-opens=java.base/java.util=ALL-UNNAMED --add-opens=java.base/java.lang=ALL-UNNAMED --add-opens=java.base/sun.nio.fs=ALL-UNNAMED -Declipse.application=org.eclipse.jdt.ls.core.id1 -Dosgi.bundles.defaultStartLevel=4 -Declipse.product=org.eclipse.jdt.ls.core.product -Djava.import.generatesMetadataFilesAtProjectRoot=false -DDetectVMInstallationsJob.disabled=true -Dfile.encoding=utf8 -XX:+UseParallelGC -XX:GCTimeRatio=4 -XX:AdaptiveSizePolicyWeight=90 -Dsun.zip.disableMemoryMapping=true -Xmx2G -Xms100m -Xlog:disable -javaagent:c:\Users\86156\.trae-cn\extensions\redhat.java-1.52.0-win32-x64\lombok\lombok-1.18.39-4050.jar -XX:+HeapDumpOnOutOfMemoryError -XX:HeapDumpPath=c:\Users\86156\AppData\Roaming\Trae CN\User\workspaceStorage\ec022d62dc87df545eb21e5a1b4c1095\redhat.java -Daether.dependencyCollector.impl=bf 
java_command: c:\Users\86156\.trae-cn\extensions\redhat.java-1.52.0-win32-x64\server\plugins\org.eclipse.equinox.launcher_1.7.100.v20251111-0406.jar -configuration c:\Users\86156\AppData\Roaming\Trae CN\User\globalStorage\redhat.java\1.52.0\config_win -data c:\Users\86156\AppData\Roaming\Trae CN\User\workspaceStorage\ec022d62dc87df545eb21e5a1b4c1095\redhat.java\jdt_ws --pipe=\\.\pipe\lsp-e11e67b8afaa459e1b05a0c63d27f316-sock
java_class_path (initial): c:\Users\86156\.trae-cn\extensions\redhat.java-1.52.0-win32-x64\server\plugins\org.eclipse.equinox.launcher_1.7.100.v20251111-0406.jar
Launcher Type: SUN_STANDARD

[Global flags]
    uintx AdaptiveSizePolicyWeight                 = 90                                        {product} {command line}
     intx CICompilerCount                          = 12                                        {product} {ergonomic}
    uintx GCTimeRatio                              = 4                                         {product} {command line}
     bool HeapDumpOnOutOfMemoryError               = true                                   {manageable} {command line}
    ccstr HeapDumpPath                             = c:\Users\86156\AppData\Roaming\Trae CN\User\workspaceStorage\ec022d62dc87df545eb21e5a1b4c1095\redhat.java         {manageable} {command line}
   size_t InitialHeapSize                          = 104857600                                 {product} {command line}
   size_t MaxHeapSize                              = 2147483648                                {product} {command line}
   size_t MaxNewSize                               = 715653120                                 {product} {ergonomic}
   size_t MinHeapDeltaBytes                        = 524288                                    {product} {ergonomic}
   size_t MinHeapSize                              = 104857600                                 {product} {command line}
   size_t NewSize                                  = 34603008                                  {product} {ergonomic}
    uintx NonNMethodCodeHeapSize                   = 7602480                                {pd product} {ergonomic}
    uintx NonProfiledCodeHeapSize                  = 122027880                              {pd product} {ergonomic}
   size_t OldSize                                  = 70254592                                  {product} {ergonomic}
    uintx ProfiledCodeHeapSize                     = 122027880                              {pd product} {ergonomic}
    uintx ReservedCodeCacheSize                    = 251658240                              {pd product} {ergonomic}
     bool SegmentedCodeCache                       = true                                      {product} {ergonomic}
   size_t SoftMaxHeapSize                          = 2147483648                             {manageable} {ergonomic}
     bool UseCompressedOops                        = true                           {product lp64_product} {ergonomic}
     bool UseLargePagesIndividualAllocation        = false                                  {pd product} {ergonomic}
     bool UseParallelGC                            = true                                      {product} {command line}

Logging:
Log output configuration:
 #0: stdout all=off uptime,level,tags foldmultilines=false
 #1: stderr all=off uptime,level,tags foldmultilines=false

Release file:
<release file has not been read>
Environment Variables:
JAVA_HOME=C:\Program Files\Eclipse Adoptium\jdk-17.0.17.10-hotspot\
PATH=c:\Users\86156\.trae-cn\tools\trae-gopls\current;c:\Users\86156\.trae-cn\sdks\workspaces\ec022d62\versions\node\current;c:\Users\86156\.trae-cn\sdks\versions\node\current;C:\Program Files\Eclipse Adoptium\jdk-17.0.17.10-hotspot\bin;C:\Windows\system32;C:\Windows;C:\Windows\System32\Wbem;C:\Windows\System32\WindowsPowerShell\v1.0\;C:\Windows\System32\OpenSSH\;C:\Program Files (x86)\NVIDIA Corporation\PhysX\Common;C:\Program Files\NVIDIA Corporation\NVIDIA NvDLISR;C:\WINDOWS\system32;C:\WINDOWS;C:\WINDOWS\System32\Wbem;C:\WINDOWS\System32\WindowsPowerShell\v1.0\;C:\WINDOWS\System32\OpenSSH\;C:\Program Files\nodejs\;D:\ruanjian\Git\cmd;d:\trae\chronicle-of-life\life_chronicle\_toolchain\flutter\bin;d:\ruanjian\Trae\bin;C:\Users\86156\AppData\Local\Microsoft\WindowsApps;C:\Users\86156\AppData\Roaming\npm;d:\ruanjian\Trae CN\resources\app\bin\lib
USERNAME=86156
OS=Windows_NT
PROCESSOR_IDENTIFIER=AMD64 Family 23 Model 96 Stepping 1, AuthenticAMD
TMP=C:\Users\86156\AppData\Local\Temp
TEMP=C:\Users\86156\AppData\Local\Temp




Periodic native trim disabled

---------------  S Y S T E M  ---------------

OS:
 Windows 11 , 64 bit Build 26100 (10.0.26100.7705)
OS uptime: 0 days 3:53 hours

CPU: total 16 (initial active 16) (16 cores per cpu, 2 threads per core) family 23 model 96 stepping 1 microcode 0x8600106, cx8, cmov, fxsr, ht, mmx, 3dnowpref, sse, sse2, sse3, ssse3, sse4a, sse4.1, sse4.2, popcnt, lzcnt, tsc, tscinvbit, avx, avx2, aes, clmul, bmi1, bmi2, adx, sha, fma, vzeroupper, clflush, clflushopt, rdtscp, rdpid, f16c
Processor Information for the first 16 processors :
  Max Mhz: 2901, Current Mhz: 2901, Mhz Limit: 2901

Memory: 4k page, system-wide physical 15789M (2403M free)
TotalPageFile size 21527M (AvailPageFile size 18M)
current process WorkingSet (physical memory assigned to process): 27M, peak: 27M
current process commit charge ("private bytes"): 197M, peak: 198M

vm_info: OpenJDK 64-Bit Server VM (21.0.9+10-LTS) for windows-amd64 JRE (21.0.9+10-LTS), built on 2025-10-21T00:00:00Z by "admin" with unknown MS VC++:1942

END.
