#
# There is insufficient memory for the Java Runtime Environment to continue.
# Native memory allocation (malloc) failed to allocate 32744 bytes. Error detail: Chunk::new
# Possible reasons:
#   The system is out of physical RAM or swap space
#   This process is running with CompressedOops enabled, and the Java Heap may be blocking the growth of the native heap
# Possible solutions:
#   Reduce memory load on the system
#   Increase physical memory or swap space
#   Check if swap backing store is full
#   Decrease Java heap size (-Xmx/-Xms)
#   Decrease number of Java threads
#   Decrease Java thread stack sizes (-Xss)
#   Set larger code cache with -XX:ReservedCodeCacheSize=
#   JVM is running with Unscaled Compressed Oops mode in which the Java heap is
#     placed in the first 4GB address space. The Java Heap base address is the
#     maximum limit for the native heap growth. Please use -XX:HeapBaseMinAddress
#     to set the Java Heap base and to place the Java Heap above 4GB virtual address.
# This output file may be truncated or incomplete.
#
#  Out of Memory Error (arena.cpp:168), pid=26008, tid=28148
#
# JRE version: OpenJDK Runtime Environment Temurin-21.0.9+10 (21.0.9+10) (build 21.0.9+10-LTS)
# Java VM: OpenJDK 64-Bit Server VM Temurin-21.0.9+10 (21.0.9+10-LTS, mixed mode, sharing, tiered, compressed oops, compressed class ptrs, parallel gc, windows-amd64)
# No core dump will be written. Minidumps are not enabled by default on client versions of Windows
#

---------------  S U M M A R Y ------------

Command Line: --add-modules=ALL-SYSTEM --add-opens=java.base/java.util=ALL-UNNAMED --add-opens=java.base/java.lang=ALL-UNNAMED --add-opens=java.base/sun.nio.fs=ALL-UNNAMED -Declipse.application=org.eclipse.jdt.ls.core.id1 -Dosgi.bundles.defaultStartLevel=4 -Declipse.product=org.eclipse.jdt.ls.core.product -Djava.import.generatesMetadataFilesAtProjectRoot=false -DDetectVMInstallationsJob.disabled=true -Dfile.encoding=utf8 -XX:+UseParallelGC -XX:GCTimeRatio=4 -XX:AdaptiveSizePolicyWeight=90 -Dsun.zip.disableMemoryMapping=true -Xmx2G -Xms100m -Xlog:disable -javaagent:c:\Users\86156\.trae-cn\extensions\redhat.java-1.52.0-win32-x64\lombok\lombok-1.18.39-4050.jar c:\Users\86156\.trae-cn\extensions\redhat.java-1.52.0-win32-x64\server\plugins\org.eclipse.equinox.launcher_1.7.100.v20251111-0406.jar -configuration c:\Users\86156\AppData\Roaming\Trae CN\User\globalStorage\redhat.java\1.52.0\config_ss_win -data c:\Users\86156\AppData\Roaming\Trae CN\User\workspaceStorage\ec022d62dc87df545eb21e5a1b4c1095\redhat.java\ss_ws --pipe=\\.\pipe\lsp-9dcdddbf031a65d5b57eab40f0ed674e-sock

Host: AMD Ryzen 7 4800H with Radeon Graphics         , 16 cores, 15G,  Windows 11 , 64 bit Build 26100 (10.0.26100.7705)
Time: Wed Feb 25 00:16:10 2026 elapsed time: 11.182029 seconds (0d 0h 0m 11s)

---------------  T H R E A D  ---------------

Current thread (0x00000267fbcdde50):  JavaThread "C2 CompilerThread1" daemon [_thread_in_native, id=28148, stack(0x0000009d1ec00000,0x0000009d1ed00000) (1024K)]


Current CompileTask:
C2:11182 2760       4       org.lombokweb.asm.ClassReader::readMethod (1070 bytes)

Stack: [0x0000009d1ec00000,0x0000009d1ed00000]
Native frames: (J=compiled Java code, j=interpreted, Vv=VM code, C=native code)
V  [jvm.dll+0x6d6e29]
V  [jvm.dll+0x8b4b76]
V  [jvm.dll+0x8b712e]
V  [jvm.dll+0x8b7813]
V  [jvm.dll+0x283d86]
V  [jvm.dll+0xc66ed]
V  [jvm.dll+0xc6c31]
V  [jvm.dll+0x695266]
V  [jvm.dll+0x695e36]
V  [jvm.dll+0x695850]
V  [jvm.dll+0x1f842d]
V  [jvm.dll+0x39fa28]
V  [jvm.dll+0x2f99c7]
V  [jvm.dll+0x6f12e8]
V  [jvm.dll+0x6e9399]
V  [jvm.dll+0x6e8a99]
V  [jvm.dll+0x6e6b3e]
V  [jvm.dll+0x1ce18c]
V  [jvm.dll+0x2f9f1c]
V  [jvm.dll+0x6f12e8]
V  [jvm.dll+0x6e9399]
V  [jvm.dll+0x6e8a99]
V  [jvm.dll+0x6e6b3e]
V  [jvm.dll+0x1ce18c]
V  [jvm.dll+0x2f9f1c]
V  [jvm.dll+0x6f12e8]
V  [jvm.dll+0x6e9399]
V  [jvm.dll+0x6e8a99]
V  [jvm.dll+0x6e6b3e]
V  [jvm.dll+0x1ce18c]
V  [jvm.dll+0x1ced2e]
V  [jvm.dll+0x1ced2e]
V  [jvm.dll+0x2f9f1c]
V  [jvm.dll+0x6f12e8]
V  [jvm.dll+0x6e9399]
V  [jvm.dll+0x6e8a99]
V  [jvm.dll+0x6e6b3e]
V  [jvm.dll+0x1ce18c]
V  [jvm.dll+0x24b129]
V  [jvm.dll+0x1cb13e]
V  [jvm.dll+0x25b29d]
V  [jvm.dll+0x25982a]
V  [jvm.dll+0x3f7ea6]
V  [jvm.dll+0x85e9ad]
V  [jvm.dll+0x6d565d]
C  [ucrtbase.dll+0x37b0]
C  [KERNEL32.DLL+0x2e8d7]
C  [ntdll.dll+0x8c40c]


---------------  P R O C E S S  ---------------

Threads class SMR info:
_java_thread_list=0x00000267fde71900, length=20, elements={
0x00000267f2e60660, 0x00000267fbbfb620, 0x00000267fbbfee90, 0x00000267fbc00af0,
0x00000267fbc04710, 0x00000267fbc05b60, 0x00000267fbc065b0, 0x00000267fbc073e0,
0x00000267fbc5c670, 0x00000267fbe53b10, 0x00000267fbf5a8c0, 0x00000267fdc9b3a0,
0x00000267fdd52a60, 0x00000267fdd53e30, 0x00000267fe0cffc0, 0x00000267fdb661d0,
0x00000267fe2c5f40, 0x00000267fe097750, 0x00000267fbcdde50, 0x00000267fbd12280
}

Java Threads: ( => current thread )
  0x00000267f2e60660 JavaThread "main"                              [_thread_blocked, id=29952, stack(0x0000009d1e000000,0x0000009d1e100000) (1024K)]
  0x00000267fbbfb620 JavaThread "Reference Handler"          daemon [_thread_blocked, id=30788, stack(0x0000009d1e400000,0x0000009d1e500000) (1024K)]
  0x00000267fbbfee90 JavaThread "Finalizer"                  daemon [_thread_blocked, id=30952, stack(0x0000009d1e500000,0x0000009d1e600000) (1024K)]
  0x00000267fbc00af0 JavaThread "Signal Dispatcher"          daemon [_thread_blocked, id=30596, stack(0x0000009d1e600000,0x0000009d1e700000) (1024K)]
  0x00000267fbc04710 JavaThread "Attach Listener"            daemon [_thread_blocked, id=31736, stack(0x0000009d1e700000,0x0000009d1e800000) (1024K)]
  0x00000267fbc05b60 JavaThread "Service Thread"             daemon [_thread_blocked, id=31612, stack(0x0000009d1e800000,0x0000009d1e900000) (1024K)]
  0x00000267fbc065b0 JavaThread "Monitor Deflation Thread"   daemon [_thread_blocked, id=4460, stack(0x0000009d1e900000,0x0000009d1ea00000) (1024K)]
  0x00000267fbc073e0 JavaThread "C2 CompilerThread0"         daemon [_thread_in_native, id=23156, stack(0x0000009d1ea00000,0x0000009d1eb00000) (1024K)]
  0x00000267fbc5c670 JavaThread "C1 CompilerThread0"         daemon [_thread_blocked, id=31320, stack(0x0000009d1eb00000,0x0000009d1ec00000) (1024K)]
  0x00000267fbe53b10 JavaThread "Common-Cleaner"             daemon [_thread_blocked, id=30852, stack(0x0000009d1ee00000,0x0000009d1ef00000) (1024K)]
  0x00000267fbf5a8c0 JavaThread "Notification Thread"        daemon [_thread_blocked, id=29840, stack(0x0000009d1ed00000,0x0000009d1ee00000) (1024K)]
  0x00000267fdc9b3a0 JavaThread "Active Thread: Equinox Container: 2c5e842f-1cda-4071-8914-69eb7bed3759"        [_thread_blocked, id=31544, stack(0x0000009d1f800000,0x0000009d1f900000) (1024K)]
  0x00000267fdd52a60 JavaThread "Framework Event Dispatcher: Equinox Container: 2c5e842f-1cda-4071-8914-69eb7bed3759" daemon [_thread_blocked, id=9476, stack(0x0000009d1f000000,0x0000009d1f100000) (1024K)]
  0x00000267fdd53e30 JavaThread "Start Level: Equinox Container: 2c5e842f-1cda-4071-8914-69eb7bed3759" daemon [_thread_in_vm, id=26080, stack(0x0000009d1fa00000,0x0000009d1fb00000) (1024K)]
  0x00000267fe0cffc0 JavaThread "SCR Component Actor"        daemon [_thread_blocked, id=29992, stack(0x0000009d1ef00000,0x0000009d1f000000) (1024K)]
  0x00000267fdb661d0 JavaThread "Worker-JM"                         [_thread_blocked, id=31052, stack(0x0000009d1fb00000,0x0000009d1fc00000) (1024K)]
  0x00000267fe2c5f40 JavaThread "Worker-0"                          [_thread_blocked, id=31572, stack(0x0000009d1fe00000,0x0000009d1ff00000) (1024K)]
  0x00000267fe097750 JavaThread "Worker-1"                          [_thread_blocked, id=30556, stack(0x0000009d1ff00000,0x0000009d20000000) (1024K)]
=>0x00000267fbcdde50 JavaThread "C2 CompilerThread1"         daemon [_thread_in_native, id=28148, stack(0x0000009d1ec00000,0x0000009d1ed00000) (1024K)]
  0x00000267fbd12280 JavaThread "C2 CompilerThread2"         daemon [_thread_in_native, id=32092, stack(0x0000009d1f100000,0x0000009d1f200000) (1024K)]
Total: 20

Other Threads:
  0x00000267f0a63970 VMThread "VM Thread"                           [id=30976, stack(0x0000009d1e300000,0x0000009d1e400000) (1024K)]
  0x00000267f2ceca00 WatcherThread "VM Periodic Task Thread"        [id=31288, stack(0x0000009d1e200000,0x0000009d1e300000) (1024K)]
  0x00000267f0a62af0 WorkerThread "GC Thread#0"                     [id=29116, stack(0x0000009d1e100000,0x0000009d1e200000) (1024K)]
  0x00000267f0a635d0 WorkerThread "GC Thread#1"                     [id=30764, stack(0x0000009d1f200000,0x0000009d1f300000) (1024K)]
  0x00000267f0a64450 WorkerThread "GC Thread#2"                     [id=31044, stack(0x0000009d1f300000,0x0000009d1f400000) (1024K)]
  0x00000267fd8cb7b0 WorkerThread "GC Thread#3"                     [id=30872, stack(0x0000009d1f400000,0x0000009d1f500000) (1024K)]
  0x00000267fd8ca930 WorkerThread "GC Thread#4"                     [id=31540, stack(0x0000009d1f500000,0x0000009d1f600000) (1024K)]
  0x00000267fd8cacd0 WorkerThread "GC Thread#5"                     [id=29332, stack(0x0000009d1f600000,0x0000009d1f700000) (1024K)]
  0x00000267fd8cb070 WorkerThread "GC Thread#6"                     [id=31688, stack(0x0000009d1f700000,0x0000009d1f800000) (1024K)]
  0x00000267fd8cbb50 WorkerThread "GC Thread#7"                     [id=26972, stack(0x0000009d1f900000,0x0000009d1fa00000) (1024K)]
  0x00000267fd8cbef0 WorkerThread "GC Thread#8"                     [id=3304, stack(0x0000009d1fc00000,0x0000009d1fd00000) (1024K)]
  0x00000267fd8cc290 WorkerThread "GC Thread#9"                     [id=27444, stack(0x0000009d1fd00000,0x0000009d1fe00000) (1024K)]
  0x00000267fd8c8fd0 WorkerThread "GC Thread#10"                    [id=31844, stack(0x0000009d20000000,0x0000009d20100000) (1024K)]
  0x00000267fd8c9370 WorkerThread "GC Thread#11"                    [id=31848, stack(0x0000009d20100000,0x0000009d20200000) (1024K)]
  0x00000267fd8c9710 WorkerThread "GC Thread#12"                    [id=31852, stack(0x0000009d20200000,0x0000009d20300000) (1024K)]
Total: 15

Threads with active compile tasks:
C2 CompilerThread0  11258 2768       4       lombok.patcher.PatchScript$MethodPatcher::visitMethod (158 bytes)
C2 CompilerThread1  11258 2760       4       org.lombokweb.asm.ClassReader::readMethod (1070 bytes)
C2 CompilerThread2  11258 2771       4       org.lombokweb.asm.MethodWriter::<init> (232 bytes)
Total: 3

VM state: not at safepoint (normal execution)

VM Mutex/Monitor currently owned by a thread: None

Heap address: 0x0000000080000000, size: 2048 MB, Compressed Oops mode: 32-bit

CDS archive(s) mapped at: [0x000002678f000000-0x000002678fba0000-0x000002678fba0000), size 12189696, SharedBaseAddress: 0x000002678f000000, ArchiveRelocationMode: 1.
Compressed class space mapped at: 0x0000026790000000-0x00000267d0000000, reserved size: 1073741824
Narrow klass base: 0x000002678f000000, Narrow klass shift: 0, Narrow klass range: 0x100000000

GC Precious Log:
 CardTable entry size: 512
 CPUs: 16 total, 16 available
 Memory: 15789M
 Large Page Support: Disabled
 NUMA Support: Disabled
 Compressed Oops: Enabled (32-bit)
 Alignments: Space 512K, Generation 512K, Heap 2M
 Heap Min Capacity: 100M
 Heap Initial Capacity: 100M
 Heap Max Capacity: 2G
 Pre-touch: Disabled
 Parallel Workers: 13

Heap:
 PSYoungGen      total 29184K, used 5452K [0x00000000d5580000, 0x00000000d7900000, 0x0000000100000000)
  eden space 25088K, 5% used [0x00000000d5580000,0x00000000d56d4320,0x00000000d6e00000)
  from space 4096K, 99% used [0x00000000d6e80000,0x00000000d727f0d0,0x00000000d7280000)
  to   space 5632K, 0% used [0x00000000d7380000,0x00000000d7380000,0x00000000d7900000)
 ParOldGen       total 68608K, used 6040K [0x0000000080000000, 0x0000000084300000, 0x00000000d5580000)
  object space 68608K, 8% used [0x0000000080000000,0x00000000805e6208,0x0000000084300000)
 Metaspace       used 20076K, committed 20736K, reserved 1114112K
  class space    used 1966K, committed 2304K, reserved 1048576K

Card table byte_map: [0x00000267f2800000,0x00000267f2c10000] _byte_map_base: 0x00000267f2400000

Marking Bits: (ParMarkBitMap*) 0x00007ff87a402460
 Begin Bits: [0x00000267f6310000, 0x00000267f8310000)
 End Bits:   [0x00000267f8310000, 0x00000267fa310000)

Polling page: 0x00000267f0d20000

Metaspace:

Usage:
  Non-class:     17.69 MB used.
      Class:      1.92 MB used.
       Both:     19.61 MB used.

Virtual space:
  Non-class space:       64.00 MB reserved,      18.00 MB ( 28%) committed,  1 nodes.
      Class space:        1.00 GB reserved,       2.25 MB ( <1%) committed,  1 nodes.
             Both:        1.06 GB reserved,      20.25 MB (  2%) committed. 

Chunk freelists:
   Non-Class:  13.25 MB
       Class:  13.61 MB
        Both:  26.86 MB

MaxMetaspaceSize: unlimited
CompressedClassSpaceSize: 1.00 GB
Initial GC threshold: 21.00 MB
Current GC threshold: 21.00 MB
CDS: on
 - commit_granule_bytes: 65536.
 - commit_granule_words: 8192.
 - virtual_space_node_default_size: 8388608.
 - enlarge_chunks_in_place: 1.
 - use_allocation_guard: 0.


Internal statistics:

num_allocs_failed_limit: 0.
num_arena_births: 448.
num_arena_deaths: 0.
num_vsnodes_births: 2.
num_vsnodes_deaths: 0.
num_space_committed: 324.
num_space_uncommitted: 0.
num_chunks_returned_to_freelist: 0.
num_chunks_taken_from_freelist: 1176.
num_chunk_merges: 0.
num_chunk_splits: 768.
num_chunks_enlarged: 512.
num_inconsistent_stats: 0.

CodeHeap 'non-profiled nmethods': size=119168Kb used=1209Kb max_used=1209Kb free=117958Kb
 bounds [0x0000026787ba0000, 0x0000026787e10000, 0x000002678f000000]
CodeHeap 'profiled nmethods': size=119104Kb used=5433Kb max_used=5433Kb free=113670Kb
 bounds [0x0000026780000000, 0x0000026780550000, 0x0000026787450000]
CodeHeap 'non-nmethods': size=7488Kb used=1300Kb max_used=2402Kb free=6187Kb
 bounds [0x0000026787450000, 0x00000267876c0000, 0x0000026787ba0000]
CodeCache: size=245760Kb, used=7942Kb, max_used=9044Kb, free=237815Kb
 total_blobs=3355, nmethods=2768, adapters=493, full_count=0
Compilation: enabled, stopped_count=0, restarted_count=0

Compilation events (20 events):
Event: 8.108 Thread 0x00000267fbc5c670 2754       3       java.util.regex.Pattern$BranchConn::match (11 bytes)
Event: 8.108 Thread 0x00000267fbc5c670 nmethod 2754 0x0000026780547790 code [0x0000026780547940, 0x0000026780547b18]
Event: 8.127 Thread 0x00000267fbc5c670 2759       3       org.lombokweb.asm.SymbolTable::hash (14 bytes)
Event: 8.127 Thread 0x00000267fbc5c670 nmethod 2759 0x0000026780547c10 code [0x0000026780547da0, 0x0000026780547ea8]
Event: 8.127 Thread 0x00000267fbcdde50 2760       4       org.lombokweb.asm.ClassReader::readMethod (1070 bytes)
Event: 8.127 Thread 0x00000267fbc073e0 2761       4       org.lombokweb.asm.MethodWriter::canCopyMethodAttributes (163 bytes)
Event: 8.128 Thread 0x00000267fbc5c670 2763       3       org.lombokweb.asm.MethodWriter::visitFrame (811 bytes)
Event: 9.131 Thread 0x00000267fbc5c670 nmethod 2763 0x0000026780547f10 code [0x0000026780548460, 0x000002678054a6d0]
Event: 9.138 Thread 0x00000267fbc5c670 2764       3       org.lombokweb.asm.ClassReader::readStackMapFrame (535 bytes)
Event: 9.139 Thread 0x00000267fbc5c670 nmethod 2764 0x000002678054b610 code [0x000002678054b8c0, 0x000002678054c890]
Event: 9.139 Thread 0x00000267fbc5c670 2765       3       org.lombokweb.asm.Label::put (83 bytes)
Event: 9.140 Thread 0x00000267fbc5c670 nmethod 2765 0x000002678054ce90 code [0x000002678054d0c0, 0x000002678054d4c0]
Event: 9.142 Thread 0x00000267fbc073e0 nmethod 2761 0x0000026787ccc590 code [0x0000026787ccc740, 0x0000026787cccaa8]
Event: 9.142 Thread 0x00000267fbc073e0 2762       4       org.lombokweb.asm.Type::getArgumentsAndReturnSizes (140 bytes)
Event: 9.143 Thread 0x00000267fbc5c670 2767       3       org.lombokweb.asm.ByteVector::putByteArray (49 bytes)
Event: 9.143 Thread 0x00000267fbc5c670 nmethod 2767 0x000002678054d690 code [0x000002678054d860, 0x000002678054db28]
Event: 9.150 Thread 0x00000267fbc073e0 nmethod 2762 0x0000026787cccd90 code [0x0000026787cccfc0, 0x0000026787ccd8a0]
Event: 9.150 Thread 0x00000267fbc073e0 2768       4       lombok.patcher.PatchScript$MethodPatcher::visitMethod (158 bytes)
Event: 9.150 Thread 0x00000267fbd12280 2771       4       org.lombokweb.asm.MethodWriter::<init> (232 bytes)
Event: 10.397 Thread 0x00000267fbc5c670 2775       3       jdk.internal.misc.Unsafe::putReferenceOpaque (9 bytes)

GC Heap History (8 events):
Event: 2.075 GC heap before
{Heap before GC invocations=1 (full 0):
 PSYoungGen      total 29696K, used 25600K [0x00000000d5580000, 0x00000000d7680000, 0x0000000100000000)
  eden space 25600K, 100% used [0x00000000d5580000,0x00000000d6e80000,0x00000000d6e80000)
  from space 4096K, 0% used [0x00000000d7280000,0x00000000d7280000,0x00000000d7680000)
  to   space 4096K, 0% used [0x00000000d6e80000,0x00000000d6e80000,0x00000000d7280000)
 ParOldGen       total 68608K, used 0K [0x0000000080000000, 0x0000000084300000, 0x00000000d5580000)
  object space 68608K, 0% used [0x0000000080000000,0x0000000080000000,0x0000000084300000)
 Metaspace       used 4249K, committed 4480K, reserved 1114112K
  class space    used 468K, committed 576K, reserved 1048576K
}
Event: 2.090 GC heap after
{Heap after GC invocations=1 (full 0):
 PSYoungGen      total 29696K, used 3956K [0x00000000d5580000, 0x00000000d7680000, 0x0000000100000000)
  eden space 25600K, 0% used [0x00000000d5580000,0x00000000d5580000,0x00000000d6e80000)
  from space 4096K, 96% used [0x00000000d6e80000,0x00000000d725d010,0x00000000d7280000)
  to   space 4096K, 0% used [0x00000000d7280000,0x00000000d7280000,0x00000000d7680000)
 ParOldGen       total 68608K, used 16K [0x0000000080000000, 0x0000000084300000, 0x00000000d5580000)
  object space 68608K, 0% used [0x0000000080000000,0x0000000080004000,0x0000000084300000)
 Metaspace       used 4249K, committed 4480K, reserved 1114112K
  class space    used 468K, committed 576K, reserved 1048576K
}
Event: 3.246 GC heap before
{Heap before GC invocations=2 (full 0):
 PSYoungGen      total 29696K, used 29556K [0x00000000d5580000, 0x00000000d7680000, 0x0000000100000000)
  eden space 25600K, 100% used [0x00000000d5580000,0x00000000d6e80000,0x00000000d6e80000)
  from space 4096K, 96% used [0x00000000d6e80000,0x00000000d725d010,0x00000000d7280000)
  to   space 4096K, 0% used [0x00000000d7280000,0x00000000d7280000,0x00000000d7680000)
 ParOldGen       total 68608K, used 16K [0x0000000080000000, 0x0000000084300000, 0x00000000d5580000)
  object space 68608K, 0% used [0x0000000080000000,0x0000000080004000,0x0000000084300000)
 Metaspace       used 8006K, committed 8256K, reserved 1114112K
  class space    used 833K, committed 960K, reserved 1048576K
}
Event: 3.252 GC heap after
{Heap after GC invocations=2 (full 0):
 PSYoungGen      total 29696K, used 4094K [0x00000000d5580000, 0x00000000d7680000, 0x0000000100000000)
  eden space 25600K, 0% used [0x00000000d5580000,0x00000000d5580000,0x00000000d6e80000)
  from space 4096K, 99% used [0x00000000d7280000,0x00000000d767f810,0x00000000d7680000)
  to   space 4096K, 0% used [0x00000000d6e80000,0x00000000d6e80000,0x00000000d7280000)
 ParOldGen       total 68608K, used 1215K [0x0000000080000000, 0x0000000084300000, 0x00000000d5580000)
  object space 68608K, 1% used [0x0000000080000000,0x000000008012fdc0,0x0000000084300000)
 Metaspace       used 8006K, committed 8256K, reserved 1114112K
  class space    used 833K, committed 960K, reserved 1048576K
}
Event: 4.161 GC heap before
{Heap before GC invocations=3 (full 0):
 PSYoungGen      total 29696K, used 29694K [0x00000000d5580000, 0x00000000d7680000, 0x0000000100000000)
  eden space 25600K, 100% used [0x00000000d5580000,0x00000000d6e80000,0x00000000d6e80000)
  from space 4096K, 99% used [0x00000000d7280000,0x00000000d767f810,0x00000000d7680000)
  to   space 4096K, 0% used [0x00000000d6e80000,0x00000000d6e80000,0x00000000d7280000)
 ParOldGen       total 68608K, used 1215K [0x0000000080000000, 0x0000000084300000, 0x00000000d5580000)
  object space 68608K, 1% used [0x0000000080000000,0x000000008012fdc0,0x0000000084300000)
 Metaspace       used 12792K, committed 13312K, reserved 1114112K
  class space    used 1352K, committed 1600K, reserved 1048576K
}
Event: 4.167 GC heap after
{Heap after GC invocations=3 (full 0):
 PSYoungGen      total 29696K, used 4088K [0x00000000d5580000, 0x00000000d7680000, 0x0000000100000000)
  eden space 25600K, 0% used [0x00000000d5580000,0x00000000d5580000,0x00000000d6e80000)
  from space 4096K, 99% used [0x00000000d6e80000,0x00000000d727e030,0x00000000d7280000)
  to   space 4096K, 0% used [0x00000000d7280000,0x00000000d7280000,0x00000000d7680000)
 ParOldGen       total 68608K, used 2785K [0x0000000080000000, 0x0000000084300000, 0x00000000d5580000)
  object space 68608K, 4% used [0x0000000080000000,0x00000000802b8610,0x0000000084300000)
 Metaspace       used 12792K, committed 13312K, reserved 1114112K
  class space    used 1352K, committed 1600K, reserved 1048576K
}
Event: 6.858 GC heap before
{Heap before GC invocations=4 (full 0):
 PSYoungGen      total 29696K, used 29688K [0x00000000d5580000, 0x00000000d7680000, 0x0000000100000000)
  eden space 25600K, 100% used [0x00000000d5580000,0x00000000d6e80000,0x00000000d6e80000)
  from space 4096K, 99% used [0x00000000d6e80000,0x00000000d727e030,0x00000000d7280000)
  to   space 4096K, 0% used [0x00000000d7280000,0x00000000d7280000,0x00000000d7680000)
 ParOldGen       total 68608K, used 2785K [0x0000000080000000, 0x0000000084300000, 0x00000000d5580000)
  object space 68608K, 4% used [0x0000000080000000,0x00000000802b8610,0x0000000084300000)
 Metaspace       used 16200K, committed 16896K, reserved 1114112K
  class space    used 1683K, committed 1984K, reserved 1048576K
}
Event: 6.862 GC heap after
{Heap after GC invocations=4 (full 0):
 PSYoungGen      total 29696K, used 4069K [0x00000000d5580000, 0x00000000d7680000, 0x0000000100000000)
  eden space 25600K, 0% used [0x00000000d5580000,0x00000000d5580000,0x00000000d6e80000)
  from space 4096K, 99% used [0x00000000d7280000,0x00000000d7679538,0x00000000d7680000)
  to   space 4096K, 0% used [0x00000000d6e80000,0x00000000d6e80000,0x00000000d7280000)
 ParOldGen       total 68608K, used 5843K [0x0000000080000000, 0x0000000084300000, 0x00000000d5580000)
  object space 68608K, 8% used [0x0000000080000000,0x00000000805b4f28,0x0000000084300000)
 Metaspace       used 16200K, committed 16896K, reserved 1114112K
  class space    used 1683K, committed 1984K, reserved 1048576K
}

Dll operation events (11 events):
Event: 0.086 Loaded shared library c:\Users\86156\.trae-cn\extensions\redhat.java-1.52.0-win32-x64\jre\21.0.9-win32-x86_64\bin\java.dll
Event: 0.228 Loaded shared library c:\Users\86156\.trae-cn\extensions\redhat.java-1.52.0-win32-x64\jre\21.0.9-win32-x86_64\bin\zip.dll
Event: 0.507 Loaded shared library C:\Users\86156\.trae-cn\extensions\redhat.java-1.52.0-win32-x64\jre\21.0.9-win32-x86_64\bin\instrument.dll
Event: 0.530 Loaded shared library C:\Users\86156\.trae-cn\extensions\redhat.java-1.52.0-win32-x64\jre\21.0.9-win32-x86_64\bin\net.dll
Event: 0.563 Loaded shared library C:\Users\86156\.trae-cn\extensions\redhat.java-1.52.0-win32-x64\jre\21.0.9-win32-x86_64\bin\nio.dll
Event: 0.583 Loaded shared library C:\Users\86156\.trae-cn\extensions\redhat.java-1.52.0-win32-x64\jre\21.0.9-win32-x86_64\bin\zip.dll
Event: 0.689 Loaded shared library C:\Users\86156\.trae-cn\extensions\redhat.java-1.52.0-win32-x64\jre\21.0.9-win32-x86_64\bin\jimage.dll
Event: 1.197 Loaded shared library c:\Users\86156\.trae-cn\extensions\redhat.java-1.52.0-win32-x64\jre\21.0.9-win32-x86_64\bin\verify.dll
Event: 3.319 Loaded shared library C:\Users\86156\AppData\Roaming\Trae CN\User\globalStorage\redhat.java\1.52.0\config_ss_win\org.eclipse.equinox.launcher\org.eclipse.equinox.launcher.win32.win32.x86_64_1.2.1500.v20260121-1430\eclipse_11919.dll
Event: 4.387 Loaded shared library C:\Users\86156\.trae-cn\extensions\redhat.java-1.52.0-win32-x64\jre\21.0.9-win32-x86_64\bin\management.dll
Event: 4.398 Loaded shared library C:\Users\86156\.trae-cn\extensions\redhat.java-1.52.0-win32-x64\jre\21.0.9-win32-x86_64\bin\management_ext.dll

Deoptimization events (20 events):
Event: 6.701 Thread 0x00000267fdd53e30 DEOPT PACKING pc=0x0000026787ca6a7c sp=0x0000009d1faf39f0
Event: 6.701 Thread 0x00000267fdd53e30 DEOPT UNPACKING pc=0x00000267874a3aa2 sp=0x0000009d1faf39c0 mode 2
Event: 6.701 Thread 0x00000267fdd53e30 Uncommon trap: trap_request=0xffffffde fr.pc=0x0000026787ca753c relative=0x00000000000001fc
Event: 6.701 Thread 0x00000267fdd53e30 Uncommon trap: reason=class_check action=maybe_recompile pc=0x0000026787ca753c method=java.util.regex.Pattern$BmpCharPropertyGreedy.match(Ljava/util/regex/Matcher;ILjava/lang/CharSequence;)Z @ 70 c2
Event: 6.701 Thread 0x00000267fdd53e30 DEOPT PACKING pc=0x0000026787ca753c sp=0x0000009d1faf3650
Event: 6.701 Thread 0x00000267fdd53e30 DEOPT UNPACKING pc=0x00000267874a3aa2 sp=0x0000009d1faf35f8 mode 2
Event: 6.701 Thread 0x00000267fdd53e30 Uncommon trap: trap_request=0xffffffde fr.pc=0x0000026787ca753c relative=0x00000000000001fc
Event: 6.701 Thread 0x00000267fdd53e30 Uncommon trap: reason=class_check action=maybe_recompile pc=0x0000026787ca753c method=java.util.regex.Pattern$BmpCharPropertyGreedy.match(Ljava/util/regex/Matcher;ILjava/lang/CharSequence;)Z @ 70 c2
Event: 6.701 Thread 0x00000267fdd53e30 DEOPT PACKING pc=0x0000026787ca753c sp=0x0000009d1faf34a0
Event: 6.701 Thread 0x00000267fdd53e30 DEOPT UNPACKING pc=0x00000267874a3aa2 sp=0x0000009d1faf3448 mode 2
Event: 8.106 Thread 0x00000267fdd53e30 Uncommon trap: trap_request=0xffffff45 fr.pc=0x0000026787cca3ec relative=0x000000000000014c
Event: 8.106 Thread 0x00000267fdd53e30 Uncommon trap: reason=unstable_if action=reinterpret pc=0x0000026787cca3ec method=org.lombokweb.asm.ByteVector.putByteArray([BII)Lorg/lombokweb/asm/ByteVector; @ 20 c2
Event: 8.106 Thread 0x00000267fdd53e30 DEOPT PACKING pc=0x0000026787cca3ec sp=0x0000009d1faf2b60
Event: 8.106 Thread 0x00000267fdd53e30 DEOPT UNPACKING pc=0x00000267874a3aa2 sp=0x0000009d1faf2b30 mode 2
Event: 8.106 Thread 0x00000267fdd53e30 Uncommon trap: trap_request=0xffffff45 fr.pc=0x0000026787ccaaa4 relative=0x0000000000000364
Event: 8.106 Thread 0x00000267fdd53e30 Uncommon trap: reason=unstable_if action=reinterpret pc=0x0000026787ccaaa4 method=org.lombokweb.asm.Label.resolve([BLorg/lombokweb/asm/ByteVector;I)Z @ 81 c2
Event: 8.106 Thread 0x00000267fdd53e30 DEOPT PACKING pc=0x0000026787ccaaa4 sp=0x0000009d1faf2bf0
Event: 8.106 Thread 0x00000267fdd53e30 DEOPT UNPACKING pc=0x00000267874a3aa2 sp=0x0000009d1faf2af8 mode 2
Event: 9.142 Thread 0x00000267fdd53e30 DEOPT PACKING pc=0x00000267800ca639 sp=0x0000009d1faf2920
Event: 9.142 Thread 0x00000267fdd53e30 DEOPT UNPACKING pc=0x00000267874a4242 sp=0x0000009d1faf1e20 mode 0

Classes loaded (20 events):
Event: 6.718 Loading class java/io/StringReader
Event: 6.718 Loading class java/io/StringReader done
Event: 6.722 Loading class java/util/zip/GZIPInputStream
Event: 6.722 Loading class java/util/zip/GZIPInputStream done
Event: 6.726 Loading class java/net/SocketTimeoutException
Event: 6.727 Loading class java/io/InterruptedIOException
Event: 6.727 Loading class java/io/InterruptedIOException done
Event: 6.727 Loading class java/net/SocketTimeoutException done
Event: 6.727 Loading class java/net/SocketException
Event: 6.727 Loading class java/net/SocketException done
Event: 6.727 Loading class java/net/UnknownHostException
Event: 6.727 Loading class java/net/UnknownHostException done
Event: 6.727 Loading class java/net/ProtocolException
Event: 6.727 Loading class java/net/ProtocolException done
Event: 6.770 Loading class java/lang/ThreadLocal$SuppliedThreadLocal
Event: 6.771 Loading class java/lang/ThreadLocal$SuppliedThreadLocal done
Event: 6.783 Loading class java/io/FileWriter
Event: 6.783 Loading class java/io/FileWriter done
Event: 6.792 Loading class java/lang/NegativeArraySizeException
Event: 6.792 Loading class java/lang/NegativeArraySizeException done

Classes unloaded (0 events):
No events

Classes redefined (0 events):
No events

Internal exceptions (20 events):
Event: 4.554 Thread 0x00000267fdd53e30 Exception <a 'java/lang/NoSuchMethodError'{0x00000000d602c3e0}: 'java.lang.Object java.lang.invoke.DirectMethodHandle$Holder.invokeSpecial(java.lang.Object, java.lang.Object, java.lang.Object, long, java.lang.Object)'> (0x00000000d602c3e0) 
thrown [s\src\hotspot\share\interpreter\linkResolver.cpp, line 773]
Event: 4.556 Thread 0x00000267fdd53e30 Exception <a 'java/lang/NoSuchMethodError'{0x00000000d6033c28}: 'java.lang.Object java.lang.invoke.DirectMethodHandle$Holder.newInvokeSpecial(java.lang.Object, java.lang.Object, java.lang.Object, long)'> (0x00000000d6033c28) 
thrown [s\src\hotspot\share\interpreter\linkResolver.cpp, line 773]
Event: 4.557 Thread 0x00000267fdd53e30 Exception <a 'java/lang/NoSuchMethodError'{0x00000000d6038228}: 'java.lang.Object java.lang.invoke.DirectMethodHandle$Holder.invokeSpecial(java.lang.Object, java.lang.Object, java.lang.Object, java.lang.Object, long)'> (0x00000000d6038228) 
thrown [s\src\hotspot\share\interpreter\linkResolver.cpp, line 773]
Event: 4.557 Thread 0x00000267fdd53e30 Exception <a 'java/lang/NoSuchMethodError'{0x00000000d603be48}: 'java.lang.Object java.lang.invoke.Invokers$Holder.linkToTargetMethod(java.lang.Object, java.lang.Object, long, java.lang.Object)'> (0x00000000d603be48) 
thrown [s\src\hotspot\share\interpreter\linkResolver.cpp, line 773]
Event: 4.587 Thread 0x00000267fdd53e30 Exception <a 'java/lang/IncompatibleClassChangeError'{0x00000000d613db70}: Found class java.lang.Object, but interface was expected> (0x00000000d613db70) 
thrown [s\src\hotspot\share\interpreter\linkResolver.cpp, line 840]
Event: 4.587 Thread 0x00000267fdd53e30 Exception <a 'java/lang/NoSuchMethodError'{0x00000000d6141798}: 'java.lang.Object java.lang.invoke.DirectMethodHandle$Holder.invokeSpecial(java.lang.Object, java.lang.Object, java.lang.Object, int, java.lang.Object, java.lang.Object)'> (0x00000000d6141798) 
thrown [s\src\hotspot\share\interpreter\linkResolver.cpp, line 773]
Event: 4.588 Thread 0x00000267fdd53e30 Exception <a 'java/lang/NoSuchMethodError'{0x00000000d6149270}: 'java.lang.Object java.lang.invoke.DirectMethodHandle$Holder.newInvokeSpecial(java.lang.Object, java.lang.Object, java.lang.Object, int, java.lang.Object)'> (0x00000000d6149270) 
thrown [s\src\hotspot\share\interpreter\linkResolver.cpp, line 773]
Event: 4.588 Thread 0x00000267fdd53e30 Exception <a 'java/lang/NoSuchMethodError'{0x00000000d614d1f0}: 'java.lang.Object java.lang.invoke.DirectMethodHandle$Holder.invokeSpecial(java.lang.Object, java.lang.Object, java.lang.Object, java.lang.Object, int, java.lang.Object)'> (0x00000000d614d1f0) 
thrown [s\src\hotspot\share\interpreter\linkResolver.cpp, line 773]
Event: 4.589 Thread 0x00000267fdd53e30 Exception <a 'java/lang/NoSuchMethodError'{0x00000000d6150d30}: 'java.lang.Object java.lang.invoke.Invokers$Holder.linkToTargetMethod(java.lang.Object, java.lang.Object, int, java.lang.Object, java.lang.Object)'> (0x00000000d6150d30) 
thrown [s\src\hotspot\share\interpreter\linkResolver.cpp, line 773]
Event: 4.590 Thread 0x00000267fe2c5f40 Exception <a 'java/lang/NoSuchMethodError'{0x00000000d6082d38}: 'java.lang.Object java.lang.invoke.DirectMethodHandle$Holder.invokeSpecial(java.lang.Object, java.lang.Object, int, java.lang.Object, java.lang.Object)'> (0x00000000d6082d38) 
thrown [s\src\hotspot\share\interpreter\linkResolver.cpp, line 773]
Event: 4.590 Thread 0x00000267fe2c5f40 Exception <a 'java/lang/NoSuchMethodError'{0x00000000d6089a70}: 'java.lang.Object java.lang.invoke.DirectMethodHandle$Holder.newInvokeSpecial(java.lang.Object, java.lang.Object, int, java.lang.Object)'> (0x00000000d6089a70) 
thrown [s\src\hotspot\share\interpreter\linkResolver.cpp, line 773]
Event: 4.591 Thread 0x00000267fe2c5f40 Exception <a 'java/lang/NoSuchMethodError'{0x00000000d608d350}: 'java.lang.Object java.lang.invoke.DirectMethodHandle$Holder.invokeSpecial(java.lang.Object, java.lang.Object, java.lang.Object, int, java.lang.Object)'> (0x00000000d608d350) 
thrown [s\src\hotspot\share\interpreter\linkResolver.cpp, line 773]
Event: 5.628 Thread 0x00000267fdd53e30 Exception <a 'java/lang/NoSuchMethodError'{0x00000000d629b108}: 'void java.lang.invoke.DirectMethodHandle$Holder.invokeSpecial(java.lang.Object, java.lang.Object, java.lang.Object, java.lang.Object, java.lang.Object)'> (0x00000000d629b108) 
thrown [s\src\hotspot\share\interpreter\linkResolver.cpp, line 773]
Event: 5.670 Thread 0x00000267fdd53e30 Exception <a 'java/lang/NoSuchMethodError'{0x00000000d64acbd0}: 'double java.lang.invoke.DirectMethodHandle$Holder.invokeStatic(java.lang.Object, java.lang.Object)'> (0x00000000d64acbd0) 
thrown [s\src\hotspot\share\interpreter\linkResolver.cpp, line 773]
Event: 5.671 Thread 0x00000267fdd53e30 Exception <a 'java/lang/NoSuchMethodError'{0x00000000d64b0290}: 'double java.lang.invoke.DirectMethodHandle$Holder.invokeStaticInit(java.lang.Object, java.lang.Object)'> (0x00000000d64b0290) 
thrown [s\src\hotspot\share\interpreter\linkResolver.cpp, line 773]
Event: 6.914 Thread 0x00000267fdd53e30 Exception <a 'java/io/FileNotFoundException'{0x00000000d5bc1988}> (0x00000000d5bc1988) 
thrown [s\src\hotspot\share\prims\jni.cpp, line 520]
Event: 6.916 Thread 0x00000267fdd53e30 Exception <a 'java/io/FileNotFoundException'{0x00000000d5bc2a98}> (0x00000000d5bc2a98) 
thrown [s\src\hotspot\share\prims\jni.cpp, line 520]
Event: 6.917 Thread 0x00000267fdd53e30 Exception <a 'java/io/FileNotFoundException'{0x00000000d5bc3ca0}> (0x00000000d5bc3ca0) 
thrown [s\src\hotspot\share\prims\jni.cpp, line 520]
Event: 8.069 Thread 0x00000267fdd53e30 Exception <a 'java/lang/NoSuchMethodError'{0x00000000d650e090}: 'int java.lang.invoke.DirectMethodHandle$Holder.invokeStaticInit(java.lang.Object, java.lang.Object, java.lang.Object)'> (0x00000000d650e090) 
thrown [s\src\hotspot\share\interpreter\linkResolver.cpp, line 773]
Event: 8.106 Thread 0x00000267fdd53e30 Implicit null exception at 0x0000026787cca2f5 to 0x0000026787cca3d0

ZGC Phase Switch (0 events):
No events

VM Operations (20 events):
Event: 3.946 Executing VM operation: HandshakeAllThreads (Deoptimize)
Event: 3.946 Executing VM operation: HandshakeAllThreads (Deoptimize) done
Event: 4.161 Executing VM operation: ParallelGCFailedAllocation (Allocation Failure)
Event: 4.167 Executing VM operation: ParallelGCFailedAllocation (Allocation Failure) done
Event: 4.447 Executing VM operation: HandshakeAllThreads (Deoptimize)
Event: 4.447 Executing VM operation: HandshakeAllThreads (Deoptimize) done
Event: 4.454 Executing VM operation: HandshakeAllThreads (Deoptimize)
Event: 4.454 Executing VM operation: HandshakeAllThreads (Deoptimize) done
Event: 4.470 Executing VM operation: HandshakeAllThreads (Deoptimize)
Event: 4.470 Executing VM operation: HandshakeAllThreads (Deoptimize) done
Event: 5.476 Executing VM operation: Cleanup
Event: 5.476 Executing VM operation: Cleanup done
Event: 6.479 Executing VM operation: Cleanup
Event: 6.697 Executing VM operation: Cleanup done
Event: 6.858 Executing VM operation: ParallelGCFailedAllocation (Allocation Failure)
Event: 6.862 Executing VM operation: ParallelGCFailedAllocation (Allocation Failure) done
Event: 7.864 Executing VM operation: Cleanup
Event: 7.864 Executing VM operation: Cleanup done
Event: 8.868 Executing VM operation: Cleanup
Event: 9.138 Executing VM operation: Cleanup done

Memory protections (0 events):
No events

Nmethod flushes (0 events):
No events

Events (20 events):
Event: 3.299 Thread 0x00000267f2e60660 Thread added: 0x00000267fdd53e30
Event: 3.455 Thread 0x00000267fde6d340 Thread exited: 0x00000267fde6d340
Event: 3.505 Thread 0x00000267fdd53e30 Thread added: 0x00000267fe0cffc0
Event: 3.655 Thread 0x00000267fdb536a0 Thread added: 0x00000267fdb661d0
Event: 3.655 Thread 0x00000267fdb536a0 Thread added: 0x00000267fe034850
Event: 3.655 Thread 0x00000267fdb536a0 Thread added: 0x00000267fe034ef0
Event: 3.655 Thread 0x00000267fdb536a0 Thread added: 0x00000267fdb82860
Event: 3.869 Thread 0x00000267fdb82860 Thread exited: 0x00000267fdb82860
Event: 3.930 Thread 0x00000267fe034ef0 Thread exited: 0x00000267fe034ef0
Event: 3.943 Thread 0x00000267fe034850 Thread exited: 0x00000267fe034850
Event: 3.943 Thread 0x00000267fdb661d0 Thread exited: 0x00000267fdb661d0
Event: 4.023 Thread 0x00000267fdd53e30 Thread added: 0x00000267fdb661d0
Event: 4.560 Thread 0x00000267fdd53e30 Thread added: 0x00000267fe2c5f40
Event: 4.591 Thread 0x00000267fdd53e30 Thread added: 0x00000267fe097750
Event: 6.701 Thread 0x00000267fdb536a0 Thread exited: 0x00000267fdb536a0
Event: 6.701 Thread 0x00000267fbcdde50 Thread exited: 0x00000267fbcdde50
Event: 6.710 Thread 0x00000267fbc073e0 Thread added: 0x00000267fbcdde50
Event: 6.710 Thread 0x00000267fbc073e0 Thread added: 0x00000267fe234000
Event: 8.006 Thread 0x00000267fe234000 Thread exited: 0x00000267fe234000
Event: 9.150 Thread 0x00000267fbc073e0 Thread added: 0x00000267fbd12280


Dynamic libraries:
0x00007ff67a1a0000 - 0x00007ff67a1ae000 	c:\Users\86156\.trae-cn\extensions\redhat.java-1.52.0-win32-x64\jre\21.0.9-win32-x86_64\bin\java.exe
0x00007ff8f8420000 - 0x00007ff8f8688000 	C:\WINDOWS\SYSTEM32\ntdll.dll
0x00007ff8f6a10000 - 0x00007ff8f6ad9000 	C:\WINDOWS\System32\KERNEL32.DLL
0x00007ff8f5070000 - 0x00007ff8f5461000 	C:\WINDOWS\System32\KERNELBASE.dll
0x00007ff8f4d00000 - 0x00007ff8f4e4b000 	C:\WINDOWS\System32\ucrtbase.dll
0x00007ff8db690000 - 0x00007ff8db6ae000 	c:\Users\86156\.trae-cn\extensions\redhat.java-1.52.0-win32-x64\jre\21.0.9-win32-x86_64\bin\VCRUNTIME140.dll
0x00007ff8dca90000 - 0x00007ff8dcaa8000 	c:\Users\86156\.trae-cn\extensions\redhat.java-1.52.0-win32-x64\jre\21.0.9-win32-x86_64\bin\jli.dll
0x00007ff8f80f0000 - 0x00007ff8f82b6000 	C:\WINDOWS\System32\USER32.dll
0x00007ff8f5f90000 - 0x00007ff8f5fb7000 	C:\WINDOWS\System32\win32u.dll
0x00007ff8d7ba0000 - 0x00007ff8d7e33000 	C:\WINDOWS\WinSxS\amd64_microsoft.windows.common-controls_6595b64144ccf1df_6.0.26100.7824_none_3e0870b2e3345462\COMCTL32.dll
0x00007ff8f82c0000 - 0x00007ff8f8369000 	C:\WINDOWS\System32\msvcrt.dll
0x00007ff8f6700000 - 0x00007ff8f672b000 	C:\WINDOWS\System32\GDI32.dll
0x00007ff8f55f0000 - 0x00007ff8f571b000 	C:\WINDOWS\System32\gdi32full.dll
0x00007ff8f5fc0000 - 0x00007ff8f6063000 	C:\WINDOWS\System32\msvcp_win.dll
0x00007ff8f7d00000 - 0x00007ff8f7d31000 	C:\WINDOWS\System32\IMM32.DLL
0x00007ff8ee340000 - 0x00007ff8ee34c000 	c:\Users\86156\.trae-cn\extensions\redhat.java-1.52.0-win32-x64\jre\21.0.9-win32-x86_64\bin\vcruntime140_1.dll
0x00007ff891510000 - 0x00007ff89159d000 	c:\Users\86156\.trae-cn\extensions\redhat.java-1.52.0-win32-x64\jre\21.0.9-win32-x86_64\bin\msvcp140.dll
0x00007ff879740000 - 0x00007ff87a4e0000 	c:\Users\86156\.trae-cn\extensions\redhat.java-1.52.0-win32-x64\jre\21.0.9-win32-x86_64\bin\server\jvm.dll
0x00007ff8f6c40000 - 0x00007ff8f6cf4000 	C:\WINDOWS\System32\ADVAPI32.dll
0x00007ff8f77c0000 - 0x00007ff8f7866000 	C:\WINDOWS\System32\sechost.dll
0x00007ff8f6870000 - 0x00007ff8f6988000 	C:\WINDOWS\System32\RPCRT4.dll
0x00007ff8f6990000 - 0x00007ff8f6a04000 	C:\WINDOWS\System32\WS2_32.dll
0x00007ff8f4b20000 - 0x00007ff8f4b7e000 	C:\WINDOWS\SYSTEM32\POWRPROF.dll
0x00007ff8ecc00000 - 0x00007ff8ecc35000 	C:\WINDOWS\SYSTEM32\WINMM.dll
0x00007ff8ee330000 - 0x00007ff8ee33b000 	C:\WINDOWS\SYSTEM32\VERSION.dll
0x00007ff8f4a50000 - 0x00007ff8f4a64000 	C:\WINDOWS\SYSTEM32\UMPDC.dll
0x00007ff8f3a60000 - 0x00007ff8f3a7b000 	C:\WINDOWS\SYSTEM32\kernel.appcore.dll
0x00007ff8e1360000 - 0x00007ff8e136a000 	c:\Users\86156\.trae-cn\extensions\redhat.java-1.52.0-win32-x64\jre\21.0.9-win32-x86_64\bin\jimage.dll
0x00007ff8ebae0000 - 0x00007ff8ebd22000 	C:\WINDOWS\SYSTEM32\DBGHELP.DLL
0x00007ff8f7d40000 - 0x00007ff8f80c6000 	C:\WINDOWS\System32\combase.dll
0x00007ff8f74f0000 - 0x00007ff8f75c7000 	C:\WINDOWS\System32\OLEAUT32.dll
0x00007ff8dc650000 - 0x00007ff8dc68b000 	C:\WINDOWS\SYSTEM32\dbgcore.DLL
0x00007ff8f4fc0000 - 0x00007ff8f5065000 	C:\WINDOWS\System32\bcryptPrimitives.dll
0x00007ff8e1090000 - 0x00007ff8e109f000 	c:\Users\86156\.trae-cn\extensions\redhat.java-1.52.0-win32-x64\jre\21.0.9-win32-x86_64\bin\instrument.dll
0x00007ff8d9120000 - 0x00007ff8d9140000 	c:\Users\86156\.trae-cn\extensions\redhat.java-1.52.0-win32-x64\jre\21.0.9-win32-x86_64\bin\java.dll
0x00007ff8f6d90000 - 0x00007ff8f74e2000 	C:\WINDOWS\System32\SHELL32.dll
0x00007ff8f4e50000 - 0x00007ff8f4fba000 	C:\WINDOWS\System32\wintypes.dll
0x00007ff8f5720000 - 0x00007ff8f5f83000 	C:\WINDOWS\System32\windows.storage.dll
0x00007ff8f6590000 - 0x00007ff8f6686000 	C:\WINDOWS\System32\SHCORE.dll
0x00007ff8f6690000 - 0x00007ff8f66f7000 	C:\WINDOWS\System32\shlwapi.dll
0x00007ff8f4be0000 - 0x00007ff8f4c09000 	C:\WINDOWS\SYSTEM32\profapi.dll
0x00007ff8e13b0000 - 0x00007ff8e13c8000 	c:\Users\86156\.trae-cn\extensions\redhat.java-1.52.0-win32-x64\jre\21.0.9-win32-x86_64\bin\zip.dll
0x00007ff8e13a0000 - 0x00007ff8e13b0000 	C:\Users\86156\.trae-cn\extensions\redhat.java-1.52.0-win32-x64\jre\21.0.9-win32-x86_64\bin\net.dll
0x00007ff8ee550000 - 0x00007ff8ee677000 	C:\WINDOWS\SYSTEM32\WINHTTP.dll
0x00007ff8f3fd0000 - 0x00007ff8f403b000 	C:\WINDOWS\system32\mswsock.dll
0x00007ff8e1380000 - 0x00007ff8e1396000 	C:\Users\86156\.trae-cn\extensions\redhat.java-1.52.0-win32-x64\jre\21.0.9-win32-x86_64\bin\nio.dll
0x00007ff8e1370000 - 0x00007ff8e1380000 	c:\Users\86156\.trae-cn\extensions\redhat.java-1.52.0-win32-x64\jre\21.0.9-win32-x86_64\bin\verify.dll
0x00007ff8bea30000 - 0x00007ff8bea75000 	C:\Users\86156\AppData\Roaming\Trae CN\User\globalStorage\redhat.java\1.52.0\config_ss_win\org.eclipse.equinox.launcher\org.eclipse.equinox.launcher.win32.win32.x86_64_1.2.1500.v20260121-1430\eclipse_11919.dll
0x00007ff8f75d0000 - 0x00007ff8f7767000 	C:\WINDOWS\System32\ole32.dll
0x00007ff8d5c70000 - 0x00007ff8d5c7a000 	C:\Users\86156\.trae-cn\extensions\redhat.java-1.52.0-win32-x64\jre\21.0.9-win32-x86_64\bin\management.dll
0x00007ff8d5c60000 - 0x00007ff8d5c6c000 	C:\Users\86156\.trae-cn\extensions\redhat.java-1.52.0-win32-x64\jre\21.0.9-win32-x86_64\bin\management_ext.dll
0x00007ff8f6d80000 - 0x00007ff8f6d88000 	C:\WINDOWS\System32\PSAPI.DLL

JVMTI agents:
c:\Users\86156\.trae-cn\extensions\redhat.java-1.52.0-win32-x64\lombok\lombok-1.18.39-4050.jar path:c:\Users\86156\.trae-cn\extensions\redhat.java-1.52.0-win32-x64\jre\21.0.9-win32-x86_64\bin\instrument.dll, loaded, initialized, instrumentlib options:none

dbghelp: loaded successfully - version: 4.0.5 - missing functions: none
symbol engine: initialized successfully - sym options: 0x614 - pdb path: .;c:\Users\86156\.trae-cn\extensions\redhat.java-1.52.0-win32-x64\jre\21.0.9-win32-x86_64\bin;C:\WINDOWS\SYSTEM32;C:\WINDOWS\WinSxS\amd64_microsoft.windows.common-controls_6595b64144ccf1df_6.0.26100.7824_none_3e0870b2e3345462;c:\Users\86156\.trae-cn\extensions\redhat.java-1.52.0-win32-x64\jre\21.0.9-win32-x86_64\bin\server;C:\Users\86156\AppData\Roaming\Trae CN\User\globalStorage\redhat.java\1.52.0\config_ss_win\org.eclipse.equinox.launcher\org.eclipse.equinox.launcher.win32.win32.x86_64_1.2.1500.v20260121-1430

VM Arguments:
jvm_args: --add-modules=ALL-SYSTEM --add-opens=java.base/java.util=ALL-UNNAMED --add-opens=java.base/java.lang=ALL-UNNAMED --add-opens=java.base/sun.nio.fs=ALL-UNNAMED -Declipse.application=org.eclipse.jdt.ls.core.id1 -Dosgi.bundles.defaultStartLevel=4 -Declipse.product=org.eclipse.jdt.ls.core.product -Djava.import.generatesMetadataFilesAtProjectRoot=false -DDetectVMInstallationsJob.disabled=true -Dfile.encoding=utf8 -XX:+UseParallelGC -XX:GCTimeRatio=4 -XX:AdaptiveSizePolicyWeight=90 -Dsun.zip.disableMemoryMapping=true -Xmx2G -Xms100m -Xlog:disable -javaagent:c:\Users\86156\.trae-cn\extensions\redhat.java-1.52.0-win32-x64\lombok\lombok-1.18.39-4050.jar 
java_command: c:\Users\86156\.trae-cn\extensions\redhat.java-1.52.0-win32-x64\server\plugins\org.eclipse.equinox.launcher_1.7.100.v20251111-0406.jar -configuration c:\Users\86156\AppData\Roaming\Trae CN\User\globalStorage\redhat.java\1.52.0\config_ss_win -data c:\Users\86156\AppData\Roaming\Trae CN\User\workspaceStorage\ec022d62dc87df545eb21e5a1b4c1095\redhat.java\ss_ws --pipe=\\.\pipe\lsp-9dcdddbf031a65d5b57eab40f0ed674e-sock
java_class_path (initial): c:\Users\86156\.trae-cn\extensions\redhat.java-1.52.0-win32-x64\server\plugins\org.eclipse.equinox.launcher_1.7.100.v20251111-0406.jar
Launcher Type: SUN_STANDARD

[Global flags]
    uintx AdaptiveSizePolicyWeight                 = 90                                        {product} {command line}
     intx CICompilerCount                          = 12                                        {product} {ergonomic}
    uintx GCTimeRatio                              = 4                                         {product} {command line}
   size_t InitialHeapSize                          = 104857600                                 {product} {command line}
   size_t MaxHeapSize                              = 2147483648                                {product} {command line}
   size_t MaxNewSize                               = 715653120                                 {product} {ergonomic}
   size_t MinHeapDeltaBytes                        = 524288                                    {product} {ergonomic}
   size_t MinHeapSize                              = 104857600                                 {product} {command line}
   size_t NewSize                                  = 34603008                                  {product} {ergonomic}
    uintx NonNMethodCodeHeapSize                   = 7602480                                {pd product} {ergonomic}
    uintx NonProfiledCodeHeapSize                  = 122027880                              {pd product} {ergonomic}
   size_t OldSize                                  = 70254592                                  {product} {ergonomic}
    uintx ProfiledCodeHeapSize                     = 122027880                              {pd product} {ergonomic}
    uintx ReservedCodeCacheSize                    = 251658240                              {pd product} {ergonomic}
     bool SegmentedCodeCache                       = true                                      {product} {ergonomic}
   size_t SoftMaxHeapSize                          = 2147483648                             {manageable} {ergonomic}
     bool UseCompressedOops                        = true                           {product lp64_product} {ergonomic}
     bool UseLargePagesIndividualAllocation        = false                                  {pd product} {ergonomic}
     bool UseParallelGC                            = true                                      {product} {command line}

Logging:
Log output configuration:
 #0: stdout all=off uptime,level,tags foldmultilines=false
 #1: stderr all=off uptime,level,tags foldmultilines=false

Release file:
JAVA_VERSION="21.0.9" 
MODULES="java.base java.compiler java.datatransfer java.xml java.prefs java.desktop java.instrument java.logging java.management java.security.sasl java.naming java.rmi java.management.rmi java.net.http java.scripting java.security.jgss java.transaction.xa java.sql java.sql.rowset java.xml.crypto java.se java.smartcardio jdk.accessibility jdk.internal.jvmstat jdk.attach jdk.charsets jdk.internal.opt jdk.zipfs jdk.compiler jdk.crypto.ec jdk.crypto.cryptoki jdk.crypto.mscapi jdk.dynalink jdk.internal.ed jdk.editpad jdk.hotspot.agent jdk.httpserver jdk.internal.le jdk.internal.vm.ci jdk.internal.vm.compiler jdk.internal.vm.compiler.management jdk.jartool jdk.javadoc jdk.jcmd jdk.management jdk.management.agent jdk.jconsole jdk.jdeps jdk.jdwp.agent jdk.jdi jdk.jfr jdk.jshell jdk.jsobject jdk.jstatd jdk.localedata jdk.management.jfr jdk.naming.dns jdk.naming.rmi jdk.net jdk.nio.mapmode jdk.random jdk.sctp jdk.security.auth jdk.security.jgss jdk.unsupported jdk.unsupported.desktop jdk.xml.dom" 

Environment Variables:
JAVA_HOME=C:\Program Files\Eclipse Adoptium\jdk-17.0.17.10-hotspot\
PATH=c:\Users\86156\.trae-cn\tools\trae-gopls\current;c:\Users\86156\.trae-cn\sdks\workspaces\ec022d62\versions\node\current;c:\Users\86156\.trae-cn\sdks\versions\node\current;C:\Program Files\Eclipse Adoptium\jdk-17.0.17.10-hotspot\bin;C:\Windows\system32;C:\Windows;C:\Windows\System32\Wbem;C:\Windows\System32\WindowsPowerShell\v1.0\;C:\Windows\System32\OpenSSH\;C:\Program Files (x86)\NVIDIA Corporation\PhysX\Common;C:\Program Files\NVIDIA Corporation\NVIDIA NvDLISR;C:\WINDOWS\system32;C:\WINDOWS;C:\WINDOWS\System32\Wbem;C:\WINDOWS\System32\WindowsPowerShell\v1.0\;C:\WINDOWS\System32\OpenSSH\;C:\Program Files\nodejs\;D:\ruanjian\Git\cmd;d:\trae\chronicle-of-life\life_chronicle\_toolchain\flutter\bin;d:\ruanjian\Trae\bin;C:\Users\86156\AppData\Local\Microsoft\WindowsApps;C:\Users\86156\AppData\Roaming\npm;d:\ruanjian\Trae CN\resources\app\bin\lib
USERNAME=86156
OS=Windows_NT
PROCESSOR_IDENTIFIER=AMD64 Family 23 Model 96 Stepping 1, AuthenticAMD
TMP=C:\Users\86156\AppData\Local\Temp
TEMP=C:\Users\86156\AppData\Local\Temp




Periodic native trim disabled

---------------  S Y S T E M  ---------------

OS:
 Windows 11 , 64 bit Build 26100 (10.0.26100.7705)
OS uptime: 0 days 3:53 hours

CPU: total 16 (initial active 16) (16 cores per cpu, 2 threads per core) family 23 model 96 stepping 1 microcode 0x8600106, cx8, cmov, fxsr, ht, mmx, 3dnowpref, sse, sse2, sse3, ssse3, sse4a, sse4.1, sse4.2, popcnt, lzcnt, tsc, tscinvbit, avx, avx2, aes, clmul, bmi1, bmi2, adx, sha, fma, vzeroupper, clflush, clflushopt, rdtscp, rdpid, f16c
Processor Information for the first 16 processors :
  Max Mhz: 2901, Current Mhz: 2901, Mhz Limit: 2901

Memory: 4k page, system-wide physical 15789M (2267M free)
TotalPageFile size 21527M (AvailPageFile size 29M)
current process WorkingSet (physical memory assigned to process): 137M, peak: 137M
current process commit charge ("private bytes"): 292M, peak: 292M

vm_info: OpenJDK 64-Bit Server VM (21.0.9+10-LTS) for windows-amd64 JRE (21.0.9+10-LTS), built on 2025-10-21T00:00:00Z by "admin" with unknown MS VC++:1942

END.
